<?xml version="1.0" encoding="UTF-8"?>
<!-- Generated by org.testng.reporters.JUnitXMLReporter -->
<testsuite hostname="LAPTOP-8PV5OBQH" ignored="0" name="Test" tests="5" failures="0" timestamp="2022-01-18T09:15:42 IST" time="203.537" errors="0">
  <testcase name="loginpages" time="35.343" classname="Tests.loginpage"/>
  <testcase name="loginpages" time="34.192" classname="Tests.loginpage"/>
  <testcase name="loginpages" time="31.225" classname="Tests.loginpage"/>
  <testcase name="loginpages" time="28.631" classname="Tests.loginpage"/>
  <testcase name="loginpages" time="38.471" classname="Tests.loginpage"/>
</testsuite> <!-- Test -->
