<?xml version="1.0" encoding="UTF-8"?>
<!-- Generated by org.testng.reporters.JUnitXMLReporter -->
<testsuite hostname="LAPTOP-8PV5OBQH" ignored="0" name="Test" tests="5" failures="0" timestamp="2022-01-18T14:15:11 IST" time="213.688" errors="0">
  <testcase name="loginpages" time="33.219" classname="Tests.loginpage"/>
  <testcase name="loginpages" time="34.35" classname="Tests.loginpage"/>
  <testcase name="loginpages" time="29.597" classname="Tests.loginpage"/>
  <testcase name="loginpages" time="32.673" classname="Tests.loginpage"/>
  <testcase name="loginpages" time="47.493" classname="Tests.loginpage"/>
</testsuite> <!-- Test -->
