<?xml version="1.0" encoding="UTF-8"?>
<testng-results ignored="0" total="1" passed="1" failed="0" skipped="0">
  <reporter-output>
  </reporter-output>
  <suite started-at="2022-12-09T15:49:44 IST" name="Default suite" finished-at="2022-12-09T15:49:48 IST" duration-ms="3685">
    <groups>
    </groups>
    <test started-at="2022-12-09T15:49:44 IST" name="Default test" finished-at="2022-12-09T15:49:48 IST" duration-ms="3685">
      <class name="restassured.get_dumyresponse">
        <test-method signature="getrequestresponse()[pri:0, instance:restassured.get_dumyresponse@6fd83fc1]" started-at="2022-12-09T15:49:44 IST" name="getrequestresponse" finished-at="2022-12-09T15:49:48 IST" duration-ms="3648" status="PASS">
          <reporter-output>
          </reporter-output>
        </test-method> <!-- getrequestresponse -->
      </class> <!-- restassured.get_dumyresponse -->
    </test> <!-- Default test -->
  </suite> <!-- Default suite -->
</testng-results>
